<?xml version="1.0" encoding="UTF-8"?>
<coverage generated="1511845032486" clover="3.2.0">
  <project timestamp="1511845032487" name="All files">
    <metrics statements="12" coveredstatements="12" conditionals="0" coveredconditionals="0" methods="11" coveredmethods="11" elements="23" coveredelements="23" complexity="0" loc="12" ncloc="12" packages="1" files="1" classes="1">
      <file name="lib.js" path="E:\CODEACADEMY_WORKSPACE\simulation-project-iserv-backend\src\lib.js">
        <metrics statements="12" coveredstatements="12" conditionals="0" coveredconditionals="0" methods="11" coveredmethods="11"/>
        <line num="1" count="1" type="stmt"/>
        <line num="3" count="2" type="stmt"/>
        <line num="12" count="1" type="stmt"/>
        <line num="18" count="1" type="stmt"/>
        <line num="24" count="2" type="stmt"/>
        <line num="30" count="2" type="stmt"/>
        <line num="39" count="1" type="stmt"/>
        <line num="45" count="1" type="stmt"/>
        <line num="51" count="2" type="stmt"/>
        <line num="60" count="1" type="stmt"/>
        <line num="66" count="1" type="stmt"/>
        <line num="72" count="1" type="stmt"/>
      </file>
    </metrics>
  </project>
</coverage>
