<?xml version="1.0" encoding="UTF-8"?>
<coverage generated="1511847756571" clover="3.2.0">
  <project timestamp="1511847756571" name="All files">
    <metrics statements="44" coveredstatements="37" conditionals="4" coveredconditionals="3" methods="16" coveredmethods="12" elements="64" coveredelements="52" complexity="0" loc="44" ncloc="44" packages="2" files="4" classes="4">
      <package name="services">
        <metrics statements="28" coveredstatements="22" conditionals="0" coveredconditionals="0" methods="12" coveredmethods="8"/>
        <file name="package_services.js" path="D:\traning\simulation-project-iserv-backend\services\package_services.js">
          <metrics statements="14" coveredstatements="14" conditionals="0" coveredconditionals="0" methods="6" coveredmethods="6"/>
          <line num="1" count="2" type="stmt"/>
          <line num="3" count="2" type="stmt"/>
          <line num="4" count="6" type="stmt"/>
          <line num="5" count="6" type="stmt"/>
          <line num="13" count="6" type="stmt"/>
          <line num="15" count="2" type="stmt"/>
          <line num="19" count="4" type="stmt"/>
          <line num="23" count="2" type="stmt"/>
          <line num="24" count="6" type="stmt"/>
          <line num="25" count="6" type="stmt"/>
          <line num="33" count="6" type="stmt"/>
          <line num="35" count="2" type="stmt"/>
          <line num="39" count="4" type="stmt"/>
          <line num="43" count="2" type="stmt"/>
        </file>
        <file name="user_services.js" path="D:\traning\simulation-project-iserv-backend\services\user_services.js">
          <metrics statements="14" coveredstatements="8" conditionals="0" coveredconditionals="0" methods="6" coveredmethods="2"/>
          <line num="1" count="1" type="stmt"/>
          <line num="3" count="1" type="stmt"/>
          <line num="4" count="0" type="stmt"/>
          <line num="5" count="0" type="stmt"/>
          <line num="13" count="0" type="stmt"/>
          <line num="15" count="0" type="stmt"/>
          <line num="19" count="0" type="stmt"/>
          <line num="23" count="1" type="stmt"/>
          <line num="24" count="1" type="stmt"/>
          <line num="25" count="1" type="stmt"/>
          <line num="33" count="1" type="stmt"/>
          <line num="35" count="1" type="stmt"/>
          <line num="39" count="0" type="stmt"/>
          <line num="43" count="1" type="stmt"/>
        </file>
      </package>
      <package name="src">
        <metrics statements="16" coveredstatements="15" conditionals="4" coveredconditionals="3" methods="4" coveredmethods="4"/>
        <file name="packageapi.js" path="D:\traning\simulation-project-iserv-backend\src\packageapi.js">
          <metrics statements="4" coveredstatements="4" conditionals="0" coveredconditionals="0" methods="1" coveredmethods="1"/>
          <line num="1" count="1" type="stmt"/>
          <line num="3" count="1" type="stmt"/>
          <line num="4" count="3" type="stmt"/>
          <line num="7" count="1" type="stmt"/>
        </file>
        <file name="userdataapi.js" path="D:\traning\simulation-project-iserv-backend\src\userdataapi.js">
          <metrics statements="12" coveredstatements="11" conditionals="4" coveredconditionals="3" methods="3" coveredmethods="3"/>
          <line num="1" count="1" type="stmt"/>
          <line num="2" count="1" type="stmt"/>
          <line num="34" count="1" type="stmt"/>
          <line num="35" count="3" type="stmt"/>
          <line num="36" count="3" type="cond" truecount="2" falsecount="0"/>
          <line num="37" count="2" type="stmt"/>
          <line num="39" count="1" type="cond" truecount="1" falsecount="1"/>
          <line num="40" count="0" type="stmt"/>
          <line num="42" count="1" type="stmt"/>
          <line num="43" count="1" type="stmt"/>
          <line num="47" count="2" type="stmt"/>
          <line num="51" count="1" type="stmt"/>
        </file>
      </package>
    </metrics>
  </project>
</coverage>
