{"D:\\traning\\simulation-project-iserv-backend\\services\\package_services.js": {"path":"D:\\traning\\simulation-project-iserv-backend\\services\\package_services.js","statementMap":{"0":{"start":{"line":1,"column":23},"end":{"line":1,"column":49}},"1":{"start":{"line":3,"column":19},"end":{"line":21,"column":1}},"2":{"start":{"line":4,"column":24},"end":{"line":4,"column":76}},"3":{"start":{"line":5,"column":18},"end":{"line":12,"column":5}},"4":{"start":{"line":13,"column":4},"end":{"line":20,"column":11}},"5":{"start":{"line":15,"column":12},"end":{"line":15,"column":30}},"6":{"start":{"line":19,"column":12},"end":{"line":19,"column":23}},"7":{"start":{"line":23,"column":20},"end":{"line":41,"column":1}},"8":{"start":{"line":24,"column":25},"end":{"line":24,"column":78}},"9":{"start":{"line":25,"column":18},"end":{"line":32,"column":5}},"10":{"start":{"line":33,"column":4},"end":{"line":40,"column":11}},"11":{"start":{"line":35,"column":12},"end":{"line":35,"column":30}},"12":{"start":{"line":39,"column":12},"end":{"line":39,"column":23}},"13":{"start":{"line":43,"column":0},"end":{"line":46,"column":1}}},"fnMap":{"0":{"name":"(anonymous_0)","decl":{"start":{"line":3,"column":19},"end":{"line":3,"column":20}},"loc":{"start":{"line":3,"column":30},"end":{"line":21,"column":1}},"line":3},"1":{"name":"(anonymous_1)","decl":{"start":{"line":13,"column":40},"end":{"line":13,"column":41}},"loc":{"start":{"line":13,"column":56},"end":{"line":16,"column":9}},"line":13},"2":{"name":"(anonymous_2)","decl":{"start":{"line":17,"column":15},"end":{"line":17,"column":16}},"loc":{"start":{"line":17,"column":24},"end":{"line":20,"column":9}},"line":17},"3":{"name":"(anonymous_3)","decl":{"start":{"line":23,"column":20},"end":{"line":23,"column":21}},"loc":{"start":{"line":23,"column":31},"end":{"line":41,"column":1}},"line":23},"4":{"name":"(anonymous_4)","decl":{"start":{"line":33,"column":40},"end":{"line":33,"column":41}},"loc":{"start":{"line":33,"column":56},"end":{"line":36,"column":9}},"line":33},"5":{"name":"(anonymous_5)","decl":{"start":{"line":37,"column":15},"end":{"line":37,"column":16}},"loc":{"start":{"line":37,"column":24},"end":{"line":40,"column":9}},"line":37}},"branchMap":{},"s":{"0":2,"1":2,"2":6,"3":6,"4":6,"5":2,"6":4,"7":2,"8":6,"9":6,"10":6,"11":2,"12":4,"13":2},"f":{"0":6,"1":2,"2":4,"3":6,"4":2,"5":4},"b":{},"_coverageSchema":"332fd63041d2c1bcb487cc26dd0d5f7d97098a6c","hash":"69b6305f45202665f07d243fe86c0d3ca78c3391"}
,"D:\\traning\\simulation-project-iserv-backend\\services\\user_services.js": {"path":"D:\\traning\\simulation-project-iserv-backend\\services\\user_services.js","statementMap":{"0":{"start":{"line":1,"column":23},"end":{"line":1,"column":49}},"1":{"start":{"line":3,"column":14},"end":{"line":21,"column":1}},"2":{"start":{"line":4,"column":22},"end":{"line":4,"column":72}},"3":{"start":{"line":5,"column":18},"end":{"line":12,"column":5}},"4":{"start":{"line":13,"column":4},"end":{"line":20,"column":11}},"5":{"start":{"line":15,"column":12},"end":{"line":15,"column":30}},"6":{"start":{"line":19,"column":12},"end":{"line":19,"column":23}},"7":{"start":{"line":23,"column":20},"end":{"line":41,"column":1}},"8":{"start":{"line":24,"column":25},"end":{"line":24,"column":74}},"9":{"start":{"line":25,"column":18},"end":{"line":32,"column":5}},"10":{"start":{"line":33,"column":4},"end":{"line":40,"column":11}},"11":{"start":{"line":35,"column":12},"end":{"line":35,"column":30}},"12":{"start":{"line":39,"column":12},"end":{"line":39,"column":23}},"13":{"start":{"line":43,"column":0},"end":{"line":46,"column":1}}},"fnMap":{"0":{"name":"(anonymous_0)","decl":{"start":{"line":3,"column":14},"end":{"line":3,"column":15}},"loc":{"start":{"line":3,"column":28},"end":{"line":21,"column":1}},"line":3},"1":{"name":"(anonymous_1)","decl":{"start":{"line":13,"column":40},"end":{"line":13,"column":41}},"loc":{"start":{"line":13,"column":56},"end":{"line":16,"column":9}},"line":13},"2":{"name":"(anonymous_2)","decl":{"start":{"line":17,"column":15},"end":{"line":17,"column":16}},"loc":{"start":{"line":17,"column":24},"end":{"line":20,"column":9}},"line":17},"3":{"name":"(anonymous_3)","decl":{"start":{"line":23,"column":20},"end":{"line":23,"column":21}},"loc":{"start":{"line":23,"column":31},"end":{"line":41,"column":1}},"line":23},"4":{"name":"(anonymous_4)","decl":{"start":{"line":33,"column":40},"end":{"line":33,"column":41}},"loc":{"start":{"line":33,"column":56},"end":{"line":36,"column":9}},"line":33},"5":{"name":"(anonymous_5)","decl":{"start":{"line":37,"column":15},"end":{"line":37,"column":16}},"loc":{"start":{"line":37,"column":24},"end":{"line":40,"column":9}},"line":37}},"branchMap":{},"s":{"0":1,"1":1,"2":0,"3":0,"4":0,"5":0,"6":0,"7":1,"8":1,"9":1,"10":1,"11":1,"12":0,"13":1},"f":{"0":0,"1":0,"2":0,"3":1,"4":1,"5":0},"b":{},"_coverageSchema":"332fd63041d2c1bcb487cc26dd0d5f7d97098a6c","hash":"cd5620e4792699683c48698018c4c6b7c41e8292"}
,"D:\\traning\\simulation-project-iserv-backend\\src\\packageapi.js": {"path":"D:\\traning\\simulation-project-iserv-backend\\src\\packageapi.js","statementMap":{"0":{"start":{"line":1,"column":24},"end":{"line":1,"column":63}},"1":{"start":{"line":3,"column":19},"end":{"line":5,"column":1}},"2":{"start":{"line":4,"column":4},"end":{"line":4,"column":98}},"3":{"start":{"line":7,"column":0},"end":{"line":7,"column":27}}},"fnMap":{"0":{"name":"(anonymous_0)","decl":{"start":{"line":3,"column":19},"end":{"line":3,"column":20}},"loc":{"start":{"line":3,"column":31},"end":{"line":5,"column":1}},"line":3}},"branchMap":{},"s":{"0":1,"1":1,"2":3,"3":1},"f":{"0":3},"b":{},"_coverageSchema":"332fd63041d2c1bcb487cc26dd0d5f7d97098a6c","hash":"bd35cc0993855570a9c7a03a1dc14c55e8d25551"}
,"D:\\traning\\simulation-project-iserv-backend\\src\\userdataapi.js": {"path":"D:\\traning\\simulation-project-iserv-backend\\src\\userdataapi.js","statementMap":{"0":{"start":{"line":1,"column":24},"end":{"line":1,"column":63}},"1":{"start":{"line":2,"column":21},"end":{"line":2,"column":57}},"2":{"start":{"line":34,"column":20},"end":{"line":49,"column":1}},"3":{"start":{"line":35,"column":4},"end":{"line":47,"column":27}},"4":{"start":{"line":36,"column":8},"end":{"line":45,"column":9}},"5":{"start":{"line":37,"column":12},"end":{"line":37,"column":23}},"6":{"start":{"line":39,"column":12},"end":{"line":44,"column":13}},"7":{"start":{"line":40,"column":16},"end":{"line":40,"column":27}},"8":{"start":{"line":42,"column":35},"end":{"line":42,"column":90}},"9":{"start":{"line":43,"column":16},"end":{"line":43,"column":60}},"10":{"start":{"line":47,"column":22},"end":{"line":47,"column":25}},"11":{"start":{"line":51,"column":0},"end":{"line":51,"column":28}}},"fnMap":{"0":{"name":"(anonymous_0)","decl":{"start":{"line":34,"column":20},"end":{"line":34,"column":21}},"loc":{"start":{"line":34,"column":32},"end":{"line":49,"column":1}},"line":34},"1":{"name":"(anonymous_1)","decl":{"start":{"line":35,"column":103},"end":{"line":35,"column":104}},"loc":{"start":{"line":35,"column":136},"end":{"line":47,"column":5}},"line":35},"2":{"name":"(anonymous_2)","decl":{"start":{"line":47,"column":13},"end":{"line":47,"column":14}},"loc":{"start":{"line":47,"column":22},"end":{"line":47,"column":25}},"line":47}},"branchMap":{"0":{"loc":{"start":{"line":36,"column":8},"end":{"line":45,"column":9}},"type":"if","locations":[{"start":{"line":36,"column":8},"end":{"line":45,"column":9}},{"start":{"line":36,"column":8},"end":{"line":45,"column":9}}],"line":36},"1":{"loc":{"start":{"line":39,"column":12},"end":{"line":44,"column":13}},"type":"if","locations":[{"start":{"line":39,"column":12},"end":{"line":44,"column":13}},{"start":{"line":39,"column":12},"end":{"line":44,"column":13}}],"line":39}},"s":{"0":1,"1":1,"2":1,"3":3,"4":3,"5":2,"6":1,"7":0,"8":1,"9":1,"10":2,"11":1},"f":{"0":3,"1":3,"2":2},"b":{"0":[2,1],"1":[0,1]},"_coverageSchema":"332fd63041d2c1bcb487cc26dd0d5f7d97098a6c","hash":"46115451c3f245b9ff73afc9abef2b01c09b20b6"}
}
