TN:
SF:/Users/AoNlMoO/Workspaces/True/simulation-project-iserv-backend/joiSchema/login.js
FNF:0
FNH:0
DA:1,1
DA:3,1
LF:2
LH:2
BRF:0
BRH:0
end_of_record
TN:
SF:/Users/AoNlMoO/Workspaces/True/simulation-project-iserv-backend/joiSchema/packages.js
FNF:0
FNH:0
DA:1,1
DA:3,1
LF:2
LH:2
BRF:0
BRH:0
end_of_record
TN:
SF:/Users/AoNlMoO/Workspaces/True/simulation-project-iserv-backend/joiSchema/userdata.js
FNF:0
FNH:0
DA:1,1
DA:3,1
LF:2
LH:2
BRF:0
BRH:0
end_of_record
TN:
SF:/Users/AoNlMoO/Workspaces/True/simulation-project-iserv-backend/services/http.js
FN:10,(anonymous_0)
FN:18,(anonymous_1)
FNF:2
FNH:2
FNDA:6,(anonymous_0)
FNDA:11,(anonymous_1)
DA:1,6
DA:3,6
DA:5,6
DA:9,6
DA:11,6
DA:16,6
DA:19,11
DA:24,11
LF:8
LH:8
BRF:0
BRH:0
end_of_record
TN:
SF:/Users/AoNlMoO/Workspaces/True/simulation-project-iserv-backend/services/package-service.js
FN:3,(anonymous_0)
FN:5,(anonymous_1)
FN:7,(anonymous_2)
FNF:3
FNH:3
FNDA:6,(anonymous_0)
FNDA:6,(anonymous_1)
FNDA:6,(anonymous_2)
DA:1,6
DA:3,6
DA:5,6
DA:7,6
DA:9,6
LF:5
LH:5
BRF:0
BRH:0
end_of_record
TN:
SF:/Users/AoNlMoO/Workspaces/True/simulation-project-iserv-backend/services/users-service.js
FN:4,(anonymous_0)
FN:6,(anonymous_1)
FN:7,(anonymous_2)
FN:8,(anonymous_3)
FNF:4
FNH:4
FNDA:2,(anonymous_0)
FNDA:4,(anonymous_1)
FNDA:3,(anonymous_2)
FNDA:3,(anonymous_3)
DA:1,4
DA:2,4
DA:4,4
DA:6,4
DA:7,3
DA:8,3
DA:10,4
LF:7
LH:7
BRF:0
BRH:0
end_of_record
TN:
SF:/Users/AoNlMoO/Workspaces/True/simulation-project-iserv-backend/src/login.js
FN:3,(anonymous_0)
FN:4,(anonymous_1)
FN:7,(anonymous_2)
FNF:3
FNH:3
FNDA:2,(anonymous_0)
FNDA:1,(anonymous_1)
FNDA:1,(anonymous_2)
DA:1,2
DA:3,2
DA:4,2
DA:5,1
DA:6,1
DA:8,1
LF:6
LH:6
BRF:0
BRH:0
end_of_record
TN:
SF:/Users/AoNlMoO/Workspaces/True/simulation-project-iserv-backend/src/packages.js
FN:3,(anonymous_0)
FN:4,(anonymous_1)
FN:7,(anonymous_2)
FNF:3
FNH:3
FNDA:2,(anonymous_0)
FNDA:1,(anonymous_1)
FNDA:1,(anonymous_2)
DA:1,2
DA:3,2
DA:4,2
DA:5,1
DA:6,1
DA:8,1
LF:6
LH:6
BRF:0
BRH:0
end_of_record
TN:
SF:/Users/AoNlMoO/Workspaces/True/simulation-project-iserv-backend/src/userdata.js
FN:3,(anonymous_0)
FN:4,(anonymous_1)
FN:8,(anonymous_2)
FNF:3
FNH:3
FNDA:4,(anonymous_0)
FNDA:3,(anonymous_1)
FNDA:1,(anonymous_2)
DA:1,2
DA:3,2
DA:4,4
DA:5,3
DA:6,3
DA:7,3
DA:9,1
LF:7
LH:7
BRF:0
BRH:0
end_of_record
